<?xml version="1.0" encoding="UTF-8"?>
<!-- Generated by org.testng.reporters.JUnitXMLReporter -->
<testsuite hostname="ZT-124" name="Default test" tests="25" failures="0" timestamp="28 Mar 2018 22:33:28 GMT" time="0.375" errors="0">
  <testcase name="createCountry" time="0.041" classname="com.pwi.controllers.CountryTestController"/>
  <testcase name="deleteCountry" time="0.005" classname="com.pwi.controllers.CountryTestController"/>
  <testcase name="getByIdCountry" time="0.001" classname="com.pwi.controllers.CountryTestController"/>
  <testcase name="getListCountry" time="0.002" classname="com.pwi.controllers.CountryTestController"/>
  <testcase name="updateCountry" time="0.002" classname="com.pwi.controllers.CountryTestController"/>
  <testcase name="createInventory" time="0.002" classname="com.pwi.controllers.InventoryTestController"/>
  <testcase name="deleteInventory" time="0.001" classname="com.pwi.controllers.InventoryTestController"/>
  <testcase name="getByIdInventory" time="0.001" classname="com.pwi.controllers.InventoryTestController"/>
  <testcase name="getListInventory" time="0.005" classname="com.pwi.controllers.InventoryTestController"/>
  <testcase name="updateInventory" time="0.003" classname="com.pwi.controllers.InventoryTestController"/>
  <testcase name="createBrand" time="0.003" classname="com.pwi.controllers.BrandTestController"/>
  <testcase name="deleteBrand" time="0.002" classname="com.pwi.controllers.BrandTestController"/>
  <testcase name="getByIdBrand" time="0.002" classname="com.pwi.controllers.BrandTestController"/>
  <testcase name="getListBrand" time="0.002" classname="com.pwi.controllers.BrandTestController"/>
  <testcase name="updateBrand" time="0.001" classname="com.pwi.controllers.BrandTestController"/>
  <testcase name="createCompany" time="0.001" classname="com.pwi.controllers.CompanyTestController"/>
  <testcase name="deleteCompany" time="0.001" classname="com.pwi.controllers.CompanyTestController"/>
  <testcase name="getByIdCompany" time="0.001" classname="com.pwi.controllers.CompanyTestController"/>
  <testcase name="getListCompany" time="0.001" classname="com.pwi.controllers.CompanyTestController"/>
  <testcase name="updateCompany" time="0.001" classname="com.pwi.controllers.CompanyTestController"/>
  <testcase name="createWarehouse" time="0.003" classname="com.pwi.controllers.WarehouseTestController"/>
  <testcase name="deleteWarehouse" time="0.001" classname="com.pwi.controllers.WarehouseTestController"/>
  <testcase name="getByIdWarehouse" time="0.002" classname="com.pwi.controllers.WarehouseTestController"/>
  <testcase name="getListWarehouse" time="0.001" classname="com.pwi.controllers.WarehouseTestController"/>
  <testcase name="updateWarehouse" time="0.002" classname="com.pwi.controllers.WarehouseTestController"/>
</testsuite> <!-- Default test -->
